<?xml version="1.0" encoding="UTF-8"?>
<testsuite name="com.example.kafka.producer.MessageProducerServiceTest" tests="1" skipped="0" failures="0" errors="0" timestamp="2025-08-15T10:15:19" hostname="HO-PTUD-HAINH" time="0.208">
  <properties/>
  <testcase name="sendMessage_shouldCallKafkaTemplateSend()" classname="com.example.kafka.producer.MessageProducerServiceTest" time="0.208"/>
  <system-out><![CDATA[]]></system-out>
  <system-err><![CDATA[]]></system-err>
</testsuite>
